<?xml version="1.0" encoding="UTF-8"?>
<!-- Generated by org.testng.reporters.JUnitReportReporter -->
<testsuite hostname="LAPTOP-PJ52DE4R" failures="0" tests="1" name="foodDelivery.Zomato" time="0.008" errors="0" timestamp="2022-08-25T09:50:16 IST" skipped="0">
  <testcase classname="foodDelivery.Zomato" name="f1" time="0.008"/>
  <system-out/>
</testsuite> <!-- foodDelivery.Zomato -->
