<?xml version="1.0" encoding="UTF-8"?>
<!-- Generated by org.testng.reporters.JUnitReportReporter -->
<testsuite hostname="LAPTOP-PJ52DE4R" failures="0" tests="1" name="heaven.dell" time="0.001" errors="0" timestamp="2022-08-25T09:19:52 IST" skipped="0">
  <testcase classname="heaven.dell" name="display" time="0.001"/>
  <system-out/>
</testsuite> <!-- heaven.dell -->
