<?xml version="1.0" encoding="UTF-8"?>
<!-- Generated by org.testng.reporters.JUnitReportReporter -->
<testsuite hostname="LAPTOP-PJ52DE4R" failures="0" tests="1" name="hell.legion" time="0.003" errors="0" timestamp="2022-08-25T09:19:52 IST" skipped="0">
  <testcase classname="hell.legion" name="base" time="0.003"/>
  <system-out/>
</testsuite> <!-- hell.legion -->
